  [4;36;1mSQL (0.3ms)[0m   [0;1mSET SQL_AUTO_IS_NULL=0[0m
  [4;35;1mSQL (25.4ms)[0m   [0mCREATE DATABASE `has_in_model_attributes_development` DEFAULT CHARACTER SET `utf8` COLLATE `utf8_general_ci`[0m
  [4;36;1mSQL (0.3ms)[0m   [0;1mSET SQL_AUTO_IS_NULL=0[0m
  [4;35;1mSQL (0.4ms)[0m   [0mSHOW TABLES[0m
  [4;36;1mSQL (441.6ms)[0m   [0;1mCREATE TABLE `schema_migrations` (`version` varchar(255) NOT NULL) ENGINE=InnoDB[0m
  [4;35;1mSQL (6.1ms)[0m   [0mCREATE UNIQUE INDEX `unique_schema_migrations` ON `schema_migrations` (`version`)[0m
  [4;36;1mSQL (0.5ms)[0m   [0;1mSHOW TABLES[0m
  [4;35;1mSQL (0.4ms)[0m   [0mSELECT version FROM schema_migrations[0m
Migrating to CreateMyModels (20090520020034)
  [4;36;1mSQL (2.4ms)[0m   [0;1mCREATE TABLE `my_models` (`id` int(11) DEFAULT NULL auto_increment PRIMARY KEY, `name` varchar(255), `created_at` datetime, `updated_at` datetime) ENGINE=InnoDB[0m
  [4;35;1mSQL (0.7ms)[0m   [0mINSERT INTO schema_migrations (version) VALUES ('20090520020034')[0m
  [4;36;1mSQL (0.5ms)[0m   [0;1mSHOW TABLES[0m
  [4;35;1mSQL (0.3ms)[0m   [0mSELECT version FROM schema_migrations[0m
  [4;36;1mSQL (0.4ms)[0m   [0;1mSHOW TABLES[0m
  [4;35;1mSQL (1.8ms)[0m   [0mSHOW FIELDS FROM `my_models`[0m
  [4;36;1mSQL (1.5ms)[0m   [0;1mdescribe `my_models`[0m
  [4;35;1mSQL (0.8ms)[0m   [0mSHOW KEYS FROM `my_models`[0m
  [4;36;1mSQL (0.3ms)[0m   [0;1mSET SQL_AUTO_IS_NULL=0[0m
  [4;35;1mSQL (1.7ms)[0m   [0mSHOW FULL TABLES WHERE Table_type = 'BASE TABLE'[0m
  [4;36;1mSQL (0.3ms)[0m   [0;1mSHOW CREATE TABLE `my_models`[0m
  [4;35;1mSQL (24.1ms)[0m   [0mSHOW CREATE TABLE `schema_migrations`[0m
  [4;36;1mSQL (0.4ms)[0m   [0;1mSELECT version FROM schema_migrations[0m
  [4;35;1mSQL (0.1ms)[0m   [0mSET SQL_AUTO_IS_NULL=0[0m
  [4;36;1mSQL (1.2ms)[0m   [0;1mDROP DATABASE IF EXISTS `has_in_model_attributes_test`[0m
  [4;35;1mSQL (0.3ms)[0m   [0mCREATE DATABASE `has_in_model_attributes_test` DEFAULT CHARACTER SET `utf8`[0m
  [4;36;1mSQL (0.1ms)[0m   [0;1mSET SQL_AUTO_IS_NULL=0[0m
  [4;35;1mSQL (0.1ms)[0m   [0mSET foreign_key_checks = 0[0m
  [4;36;1mSQL (50.6ms)[0m   [0;1mCREATE TABLE `my_models` (
 `id` int(11) NOT NULL auto_increment,
 `name` varchar(255) default NULL,
 `created_at` datetime default NULL,
 `updated_at` datetime default NULL,
 PRIMARY KEY (`id`)
) ENGINE=InnoDB DEFAULT CHARSET=utf8;[0m
  [4;35;1mSQL (2.2ms)[0m   [0mCREATE TABLE `schema_migrations` (
 `version` varchar(255) NOT NULL,
 UNIQUE KEY `unique_schema_migrations` (`version`)
) ENGINE=InnoDB DEFAULT CHARSET=utf8;[0m
  [4;36;1mSQL (0.9ms)[0m   [0;1mINSERT INTO schema_migrations (version) VALUES ('20090520020034');[0m

***** Debugger requested, but was not available: Start server with --debugger to enable *****
  [4;36;1mSQL (0.3ms)[0m   [0;1mSET SQL_AUTO_IS_NULL=0[0m
  [4;35;1mSQL (0.4ms)[0m   [0mSHOW TABLES[0m
  [4;36;1mMyModel Columns (1.6ms)[0m   [0;1mSHOW FIELDS FROM `my_models`[0m

***** Debugger requested, but was not available: Start server with --debugger to enable *****
  [4;36;1mSQL (0.3ms)[0m   [0;1mSET SQL_AUTO_IS_NULL=0[0m
  [4;35;1mMyModel Columns (11.1ms)[0m   [0mSHOW FIELDS FROM `my_models`[0m

***** Debugger requested, but was not available: Start server with --debugger to enable *****
  [4;36;1mSQL (0.3ms)[0m   [0;1mSET SQL_AUTO_IS_NULL=0[0m
  [4;35;1mMyModel Columns (13.3ms)[0m   [0mSHOW FIELDS FROM `my_models`[0m
  [4;36;1mSQL (0.7ms)[0m   [0;1m SELECT name
 FROM sqlite_master
 WHERE type = 'table' AND NOT name = 'sqlite_sequence'
[0m
  [4;35;1mSQL (0.2ms)[0m   [0mselect sqlite_version(*)[0m
  [4;36;1mSQL (1.7ms)[0m   [0;1mCREATE TABLE "schema_migrations" ("version" varchar(255) NOT NULL) [0m
  [4;35;1mSQL (1.2ms)[0m   [0mCREATE UNIQUE INDEX "unique_schema_migrations" ON "schema_migrations" ("version")[0m
  [4;36;1mSQL (0.2ms)[0m   [0;1m SELECT name
 FROM sqlite_master
 WHERE type = 'table' AND NOT name = 'sqlite_sequence'
[0m
  [4;35;1mSQL (0.1ms)[0m   [0mSELECT version FROM schema_migrations[0m
Migrating to CreateMyModels (20090520020034)
  [4;36;1mSQL (2.3ms)[0m   [0;1mCREATE TABLE "my_models" ("id" INTEGER PRIMARY KEY AUTOINCREMENT NOT NULL, "name" varchar(255), "created_at" datetime, "updated_at" datetime) [0m
  [4;35;1mSQL (2.6ms)[0m   [0mINSERT INTO schema_migrations (version) VALUES ('20090520020034')[0m
  [4;36;1mSQL (0.4ms)[0m   [0;1m SELECT name
 FROM sqlite_master
 WHERE type = 'table' AND NOT name = 'sqlite_sequence'
[0m
  [4;35;1mSQL (0.1ms)[0m   [0mSELECT version FROM schema_migrations[0m
  [4;36;1mSQL (0.2ms)[0m   [0;1m SELECT name
 FROM sqlite_master
 WHERE type = 'table' AND NOT name = 'sqlite_sequence'
[0m
  [4;35;1mSQL (0.1ms)[0m   [0mPRAGMA index_list("my_models")[0m
  [4;36;1mSQL (0.8ms)[0m   [0;1m SELECT name
 FROM sqlite_master
 WHERE type = 'table' AND NOT name = 'sqlite_sequence'
[0m
  [4;35;1mSQL (0.1ms)[0m   [0mSELECT version FROM schema_migrations[0m
  [4;36;1mSQL (0.2ms)[0m   [0;1mselect sqlite_version(*)[0m
  [4;35;1mSQL (0.2ms)[0m   [0m SELECT name
 FROM sqlite_master
 WHERE type = 'table' AND NOT name = 'sqlite_sequence'
[0m
  [4;36;1mSQL (2.2ms)[0m   [0;1mCREATE TABLE "my_models" ("id" INTEGER PRIMARY KEY AUTOINCREMENT NOT NULL, "name" varchar(255), "created_at" datetime, "updated_at" datetime) [0m
  [4;35;1mSQL (0.2ms)[0m   [0m SELECT name
 FROM sqlite_master
 WHERE type = 'table' AND NOT name = 'sqlite_sequence'
[0m
  [4;36;1mSQL (1.8ms)[0m   [0;1mCREATE TABLE "schema_migrations" ("version" varchar(255) NOT NULL) [0m
  [4;35;1mSQL (2.1ms)[0m   [0mCREATE UNIQUE INDEX "unique_schema_migrations" ON "schema_migrations" ("version")[0m
  [4;36;1mSQL (0.2ms)[0m   [0;1m SELECT name
 FROM sqlite_master
 WHERE type = 'table' AND NOT name = 'sqlite_sequence'
[0m
  [4;35;1mSQL (0.1ms)[0m   [0mSELECT version FROM "schema_migrations"[0m
  [4;36;1mSQL (1.9ms)[0m   [0;1mINSERT INTO "schema_migrations" (version) VALUES ('20090520020034')[0m
  [4;36;1mSQL (0.8ms)[0m   [0;1m SELECT name
 FROM sqlite_master
 WHERE type = 'table' AND NOT name = 'sqlite_sequence'
[0m
  [4;36;1mSQL (0.8ms)[0m   [0;1m SELECT name
 FROM sqlite_master
 WHERE type = 'table' AND NOT name = 'sqlite_sequence'
[0m
  [4;36;1mSQL (0.8ms)[0m   [0;1m SELECT name
 FROM sqlite_master
 WHERE type = 'table' AND NOT name = 'sqlite_sequence'
[0m
  [4;35;1mSQL (0.3ms)[0m   [0mSELECT version FROM schema_migrations[0m
Migrating to CreateMyModels (20090520020034)
  [4;36;1mSQL (0.2ms)[0m   [0;1mselect sqlite_version(*)[0m
  [4;35;1mSQL (0.3ms)[0m   [0m SELECT name
 FROM sqlite_master
 WHERE type = 'table' AND NOT name = 'sqlite_sequence'
[0m
  [4;36;1mSQL (0.3ms)[0m   [0;1mSELECT version FROM schema_migrations[0m
  [4;35;1mSQL (0.3ms)[0m   [0m SELECT name
 FROM sqlite_master
 WHERE type = 'table' AND NOT name = 'sqlite_sequence'
[0m
  [4;36;1mSQL (0.1ms)[0m   [0;1mPRAGMA index_list("my_models")[0m
  [4;36;1mSQL (0.8ms)[0m   [0;1m SELECT name
 FROM sqlite_master
 WHERE type = 'table' AND NOT name = 'sqlite_sequence'
[0m
  [4;35;1mSQL (0.1ms)[0m   [0mSELECT version FROM schema_migrations[0m
Migrating to CreateMyModels (20090520020034)
Migrating to ChangesToMyModel2so2yd (20091120203306)
  [4;36;1mSQL (0.1ms)[0m   [0;1mselect sqlite_version(*)[0m
  [4;35;1mSQL (0.6ms)[0m   [0mALTER TABLE "my_models" ADD "address" varchar(255)[0m
  [4;36;1mSQL (0.6ms)[0m   [0;1mCREATE TEMPORARY TABLE "altered_my_models" ("id" INTEGER PRIMARY KEY AUTOINCREMENT NOT NULL, "name" varchar(255), "created_at" datetime, "updated_at" datetime, "address" varchar(255)) [0m
  [4;35;1mSQL (0.0ms)[0m   [0mPRAGMA index_list("my_models")[0m
  [4;36;1mSQL (60.4ms)[0m   [0;1mDROP TABLE "my_models"[0m
  [4;35;1mSQL (0.3ms)[0m   [0mCREATE TABLE "my_models" ("id" INTEGER PRIMARY KEY AUTOINCREMENT NOT NULL, "name" varchar(40), "created_at" datetime, "updated_at" datetime, "address" varchar(255)) [0m
  [4;36;1mSQL (0.1ms)[0m   [0;1mPRAGMA index_list("altered_my_models")[0m
  [4;35;1mSQL (0.6ms)[0m   [0mDROP TABLE "altered_my_models"[0m
  [4;36;1mSQL (0.2ms)[0m   [0;1mINSERT INTO schema_migrations (version) VALUES ('20091120203306')[0m
  [4;35;1mSQL (0.3ms)[0m   [0m SELECT name
 FROM sqlite_master
 WHERE type = 'table' AND NOT name = 'sqlite_sequence'
[0m
  [4;36;1mSQL (0.2ms)[0m   [0;1mSELECT version FROM schema_migrations[0m
  [4;35;1mSQL (0.2ms)[0m   [0m SELECT name
 FROM sqlite_master
 WHERE type = 'table' AND NOT name = 'sqlite_sequence'
[0m
  [4;36;1mSQL (0.0ms)[0m   [0;1mPRAGMA index_list("my_models")[0m
  [4;36;1mSQL (0.8ms)[0m   [0;1m SELECT name
 FROM sqlite_master
 WHERE type = 'table' AND NOT name = 'sqlite_sequence'
[0m
  [4;35;1mSQL (0.5ms)[0m   [0mSELECT version FROM schema_migrations[0m
Migrating to CreateMyModels (20090520020034)
Migrating to ChangesToMyModel2so2yd (20091120203306)
Migrating to ChangesToMyModelP4tbb6 (20091120224522)
  [4;36;1mSQL (0.1ms)[0m   [0;1mselect sqlite_version(*)[0m
  [4;36;1mSQL (0.8ms)[0m   [0;1m SELECT name
 FROM sqlite_master
 WHERE type = 'table' AND NOT name = 'sqlite_sequence'
[0m
  [4;35;1mSQL (0.3ms)[0m   [0mSELECT version FROM schema_migrations[0m
Migrating to CreateMyModels (20090520020034)
Migrating to ChangesToMyModel2so2yd (20091120203306)
Migrating to ChangesToMyModelP4tbb6 (20091120224522)
  [4;36;1mSQL (0.1ms)[0m   [0;1mselect sqlite_version(*)[0m
  [4;36;1mSQL (0.8ms)[0m   [0;1m SELECT name
 FROM sqlite_master
 WHERE type = 'table' AND NOT name = 'sqlite_sequence'
[0m
  [4;35;1mSQL (0.2ms)[0m   [0mSELECT version FROM schema_migrations[0m
Migrating to CreateMyModels (20090520020034)
Migrating to ChangesToMyModel2so2yd (20091120203306)
Migrating to ChangesToMyModelP4tbb6 (20091120224522)
  [4;36;1mSQL (0.1ms)[0m   [0;1mselect sqlite_version(*)[0m
  [4;35;1mSQL (0.8ms)[0m   [0mCREATE TEMPORARY TABLE "altered_my_models" ("id" INTEGER PRIMARY KEY AUTOINCREMENT NOT NULL, "name" varchar(40), "created_at" datetime, "updated_at" datetime, "address" varchar(255)) [0m
  [4;36;1mSQL (0.0ms)[0m   [0;1mPRAGMA index_list("my_models")[0m
  [4;35;1mSQL (63.9ms)[0m   [0mDROP TABLE "my_models"[0m
  [4;36;1mSQL (0.2ms)[0m   [0;1mCREATE TABLE "my_models" ("id" INTEGER PRIMARY KEY AUTOINCREMENT NOT NULL, "name" varchar(40), "created_at" datetime, "updated_at" datetime, "address" varchar(255)) [0m
  [4;35;1mSQL (0.0ms)[0m   [0mPRAGMA index_list("altered_my_models")[0m
  [4;36;1mSQL (0.5ms)[0m   [0;1mDROP TABLE "altered_my_models"[0m
  [4;35;1mSQL (0.2ms)[0m   [0mCREATE TEMPORARY TABLE "altered_my_models" ("id" INTEGER PRIMARY KEY AUTOINCREMENT NOT NULL, "name" varchar(40), "created_at" datetime, "updated_at" datetime, "address" varchar(255)) [0m
  [4;36;1mSQL (0.0ms)[0m   [0;1mPRAGMA index_list("my_models")[0m
  [4;35;1mSQL (0.2ms)[0m   [0mDROP TABLE "my_models"[0m
  [4;36;1mSQL (0.2ms)[0m   [0;1mCREATE TABLE "my_models" ("id" INTEGER PRIMARY KEY AUTOINCREMENT NOT NULL, "name" varchar(40), "created_at" datetime, "updated_at" datetime) [0m
  [4;35;1mSQL (0.0ms)[0m   [0mPRAGMA index_list("altered_my_models")[0m
  [4;36;1mSQL (0.2ms)[0m   [0;1mDROP TABLE "altered_my_models"[0m
  [4;35;1mSQL (0.2ms)[0m   [0mINSERT INTO schema_migrations (version) VALUES ('20091120224522')[0m
  [4;36;1mSQL (0.4ms)[0m   [0;1m SELECT name
 FROM sqlite_master
 WHERE type = 'table' AND NOT name = 'sqlite_sequence'
[0m
  [4;35;1mSQL (0.3ms)[0m   [0mSELECT version FROM schema_migrations[0m
  [4;36;1mSQL (0.2ms)[0m   [0;1m SELECT name
 FROM sqlite_master
 WHERE type = 'table' AND NOT name = 'sqlite_sequence'
[0m
  [4;35;1mSQL (0.1ms)[0m   [0mPRAGMA index_list("my_models")[0m
  [4;36;1mSQL (1.4ms)[0m   [0;1m SELECT name
 FROM sqlite_master
 WHERE type = 'table' AND NOT name = 'sqlite_sequence'
[0m
  [4;35;1mSQL (0.3ms)[0m   [0mSELECT version FROM schema_migrations[0m
Migrating to CreateMyModels (20090520020034)
Migrating to ChangesToMyModel2so2yd (20091120203306)
Migrating to ChangesToMyModelts7nxa (20091120233103)
  [4;36;1mSQL (0.1ms)[0m   [0;1mselect sqlite_version(*)[0m
  [4;35;1mSQL (0.8ms)[0m   [0mCREATE TEMPORARY TABLE "altered_my_models" ("id" INTEGER PRIMARY KEY AUTOINCREMENT NOT NULL, "name" varchar(40), "created_at" datetime, "updated_at" datetime) [0m
  [4;36;1mSQL (0.0ms)[0m   [0;1mPRAGMA index_list("my_models")[0m
  [4;35;1mSQL (0.6ms)[0m   [0mDROP TABLE "my_models"[0m
  [4;36;1mSQL (0.2ms)[0m   [0;1mCREATE TABLE "my_models" ("id" INTEGER PRIMARY KEY AUTOINCREMENT NOT NULL, "name" varchar(40), "created_at" datetime, "updated_at" datetime) [0m
  [4;35;1mSQL (0.0ms)[0m   [0mPRAGMA index_list("altered_my_models")[0m
  [4;36;1mSQL (0.4ms)[0m   [0;1mDROP TABLE "altered_my_models"[0m
  [4;35;1mSQL (0.2ms)[0m   [0mINSERT INTO schema_migrations (version) VALUES ('20091120233103')[0m
  [4;36;1mSQL (0.4ms)[0m   [0;1m SELECT name
 FROM sqlite_master
 WHERE type = 'table' AND NOT name = 'sqlite_sequence'
[0m
  [4;35;1mSQL (0.2ms)[0m   [0mSELECT version FROM schema_migrations[0m
  [4;36;1mSQL (0.2ms)[0m   [0;1m SELECT name
 FROM sqlite_master
 WHERE type = 'table' AND NOT name = 'sqlite_sequence'
[0m
  [4;35;1mSQL (0.0ms)[0m   [0mPRAGMA index_list("my_models")[0m
